<?xml version="1.0" encoding="UTF-8"?>
<!-- Generated by org.testng.reporters.JUnitReportReporter -->
<testsuite hostname="DESKTOP-VCME0P2" failures="0" tests="1" name="commerce.test.Flipframework.Fliptest2" time="10.355" errors="0" timestamp="2023-07-07T13:39:36 BST" skipped="0">
  <testcase classname="commerce.test.Flipframework.Fliptest2" name="flip2" time="10.355"/>
</testsuite> <!-- commerce.test.Flipframework.Fliptest2 -->
