<?xml version="1.0" encoding="UTF-8"?>
<!-- Generated by org.testng.reporters.JUnitReportReporter -->
<testsuite hostname="DESKTOP-VCME0P2" failures="0" tests="1" name="commerce.test.Flipframework.flipdro" time="10.519" errors="0" timestamp="2023-07-07T13:39:36 BST" skipped="0">
  <testcase classname="commerce.test.Flipframework.flipdro" name="flipd" time="10.519"/>
</testsuite> <!-- commerce.test.Flipframework.flipdro -->
